[1021/151450.471:ERROR:process_info.cc(632)] range at 0xe06e230400000000, size 0xdd fully unreadable
[1021/151450.477:ERROR:process_info.cc(632)] range at 0xe06e232400000000, size 0xdd fully unreadable
[1021/151450.477:ERROR:process_info.cc(632)] range at 0x0, size 0xdd fully unreadable
[1021/151451.337:ERROR:process_info.cc(632)] range at 0x3f06241400000000, size 0xba fully unreadable
[1021/151451.337:ERROR:process_info.cc(632)] range at 0x3f06243400000000, size 0xba fully unreadable
[1021/151451.337:ERROR:process_info.cc(632)] range at 0x0, size 0xba fully unreadable
[1021/151451.620:ERROR:process_info.cc(632)] range at 0x8f43241400000000, size 0x84 fully unreadable
[1021/151451.620:ERROR:process_info.cc(632)] range at 0x8f43243400000000, size 0x84 fully unreadable
[1021/151451.620:ERROR:process_info.cc(632)] range at 0x0, size 0x84 fully unreadable
[1021/151451.993:ERROR:process_info.cc(632)] range at 0xa588241400000000, size 0xd7 fully unreadable
[1021/151451.993:ERROR:process_info.cc(632)] range at 0xa588243400000000, size 0xd7 fully unreadable
[1021/151451.993:ERROR:process_info.cc(632)] range at 0x0, size 0xd7 fully unreadable
[1021/202121.005:ERROR:process_info.cc(632)] range at 0xb695230600000000, size 0xc6 fully unreadable
[1021/202121.037:ERROR:process_info.cc(632)] range at 0xb695232600000000, size 0xc6 fully unreadable
[1021/202121.037:ERROR:process_info.cc(632)] range at 0x0, size 0xc6 fully unreadable
[1021/202121.443:ERROR:process_info.cc(632)] range at 0xb42230600000000, size 0xb1 fully unreadable
[1021/202121.443:ERROR:process_info.cc(632)] range at 0xb42232600000000, size 0xb1 fully unreadable
[1021/202121.443:ERROR:process_info.cc(632)] range at 0x0, size 0xb1 fully unreadable
[1021/202122.248:ERROR:process_info.cc(632)] range at 0xbd63241600000000, size 0x34 fully unreadable
[1021/202122.248:ERROR:process_info.cc(632)] range at 0xbd63243600000000, size 0x34 fully unreadable
[1021/202122.248:ERROR:process_info.cc(632)] range at 0x0, size 0x34 fully unreadable
[1021/202122.565:ERROR:process_info.cc(632)] range at 0xf3ed241600000000, size 0x28 fully unreadable
[1021/202122.565:ERROR:process_info.cc(632)] range at 0xf3ed243600000000, size 0x28 fully unreadable
[1021/202122.565:ERROR:process_info.cc(632)] range at 0x0, size 0x28 fully unreadable
[1021/211410.727:ERROR:process_info.cc(632)] range at 0x64be231400000000, size 0xeb fully unreadable
[1021/211410.814:ERROR:process_info.cc(632)] range at 0x64be233400000000, size 0xeb fully unreadable
[1021/211410.814:ERROR:process_info.cc(632)] range at 0x0, size 0xeb fully unreadable
[1021/211411.285:ERROR:process_info.cc(632)] range at 0x1041242400000000, size 0xfe fully unreadable
[1021/211411.285:ERROR:process_info.cc(632)] range at 0x1041244400000000, size 0xfe fully unreadable
[1021/211411.285:ERROR:process_info.cc(632)] range at 0x0, size 0xfe fully unreadable
[1021/211411.692:ERROR:process_info.cc(632)] range at 0xd3fa242400000000, size 0x9b fully unreadable
[1021/211411.692:ERROR:process_info.cc(632)] range at 0xd3fa244400000000, size 0x9b fully unreadable
[1021/211411.692:ERROR:process_info.cc(632)] range at 0x0, size 0x9b fully unreadable
[1021/211412.076:ERROR:process_info.cc(632)] range at 0x9f86242400000000, size 0xd2 fully unreadable
[1021/211412.076:ERROR:process_info.cc(632)] range at 0x9f86244400000000, size 0xd2 fully unreadable
[1021/211412.076:ERROR:process_info.cc(632)] range at 0x0, size 0xd2 fully unreadable
